Determining if the pthread_create exist failed with the following output:
Change Dir: /home/john/meander-bot/build/CMakeFiles/CMakeTmp

Run Build Command:"/usr/bin/make" "cmTC_fa8a3/fast"
/usr/bin/make -f CMakeFiles/cmTC_fa8a3.dir/build.make CMakeFiles/cmTC_fa8a3.dir/build
make[1]: Entering directory '/home/john/meander-bot/build/CMakeFiles/CMakeTmp'
Building C object CMakeFiles/cmTC_fa8a3.dir/CheckSymbolExists.c.o
/usr/bin/aarch64-linux-gnu-gcc    -o CMakeFiles/cmTC_fa8a3.dir/CheckSymbolExists.c.o   -c /home/john/meander-bot/build/CMakeFiles/CMakeTmp/CheckSymbolExists.c
Linking C executable cmTC_fa8a3
/usr/bin/cmake -E cmake_link_script CMakeFiles/cmTC_fa8a3.dir/link.txt --verbose=1
/usr/bin/aarch64-linux-gnu-gcc      -rdynamic CMakeFiles/cmTC_fa8a3.dir/CheckSymbolExists.c.o  -o cmTC_fa8a3 
CMakeFiles/cmTC_fa8a3.dir/CheckSymbolExists.c.o: In function `main':
CheckSymbolExists.c:(.text+0x14): undefined reference to `pthread_create'
CheckSymbolExists.c:(.text+0x18): undefined reference to `pthread_create'
collect2: error: ld returned 1 exit status
CMakeFiles/cmTC_fa8a3.dir/build.make:97: recipe for target 'cmTC_fa8a3' failed
make[1]: *** [cmTC_fa8a3] Error 1
make[1]: Leaving directory '/home/john/meander-bot/build/CMakeFiles/CMakeTmp'
Makefile:126: recipe for target 'cmTC_fa8a3/fast' failed
make: *** [cmTC_fa8a3/fast] Error 2

File /home/john/meander-bot/build/CMakeFiles/CMakeTmp/CheckSymbolExists.c:
/* */
#include <pthread.h>

int main(int argc, char** argv)
{
  (void)argv;
#ifndef pthread_create
  return ((int*)(&pthread_create))[argc];
#else
  (void)argc;
  return 0;
#endif
}

Determining if the function pthread_create exists in the pthreads failed with the following output:
Change Dir: /home/john/meander-bot/build/CMakeFiles/CMakeTmp

Run Build Command:"/usr/bin/make" "cmTC_4152a/fast"
/usr/bin/make -f CMakeFiles/cmTC_4152a.dir/build.make CMakeFiles/cmTC_4152a.dir/build
make[1]: Entering directory '/home/john/meander-bot/build/CMakeFiles/CMakeTmp'
Building C object CMakeFiles/cmTC_4152a.dir/CheckFunctionExists.c.o
/usr/bin/aarch64-linux-gnu-gcc   -DCHECK_FUNCTION_EXISTS=pthread_create   -o CMakeFiles/cmTC_4152a.dir/CheckFunctionExists.c.o   -c /usr/share/cmake-3.10/Modules/CheckFunctionExists.c
Linking C executable cmTC_4152a
/usr/bin/cmake -E cmake_link_script CMakeFiles/cmTC_4152a.dir/link.txt --verbose=1
/usr/bin/aarch64-linux-gnu-gcc  -DCHECK_FUNCTION_EXISTS=pthread_create    -rdynamic CMakeFiles/cmTC_4152a.dir/CheckFunctionExists.c.o  -o cmTC_4152a -lpthreads 
/usr/bin/ld: cannot find -lpthreads
collect2: error: ld returned 1 exit status
CMakeFiles/cmTC_4152a.dir/build.make:97: recipe for target 'cmTC_4152a' failed
make[1]: *** [cmTC_4152a] Error 1
make[1]: Leaving directory '/home/john/meander-bot/build/CMakeFiles/CMakeTmp'
Makefile:126: recipe for target 'cmTC_4152a/fast' failed
make: *** [cmTC_4152a/fast] Error 2


